ConcurrentWitness2Test/start.sh svcomp23-witness-benchmarks/tools/cseq/pthread-wmm/mix012_pso.opt_tso.opt.yml/mix012_pso.opt_tso.opt.i --graphml-witness svcomp23-witness-benchmarks/tools/cseq/pthread-wmm/mix012_pso.opt_tso.opt.yml/witness.graphml


--------------------------------------------------------------------------------


Traceback (most recent call last):
  File "/home/runner/work/ConcurrentWitness2Test/ConcurrentWitness2Test/ConcurrentWitness2Test/main.py", line 85, in translate_to_c
    sys.exit(-1)
SystemExit: -1
/tmp/BenchExec_run_hapl1_7u/tmp/tmp5zv8pom_.c
Compilation started
/tmp/BenchExec_run_hapl1_7u/tmp/tmp5zv8pom_.c: In function ‘P0’:
/tmp/BenchExec_run_hapl1_7u/tmp/tmp5zv8pom_.c:564:19: error: ‘FALSE’ undeclared (first use in this function)
  564 |   weak$$choice0 = FALSE;;
      |                   ^~~~~
/tmp/BenchExec_run_hapl1_7u/tmp/tmp5zv8pom_.c:564:19: note: each undeclared identifier is reported only once for each function it appears in
/tmp/BenchExec_run_hapl1_7u/tmp/tmp5zv8pom_.c: In function ‘P1’:
/tmp/BenchExec_run_hapl1_7u/tmp/tmp5zv8pom_.c:603:19: error: ‘FALSE’ undeclared (first use in this function)
  603 |   weak$$choice0 = FALSE;;
      |                   ^~~~~
/tmp/BenchExec_run_hapl1_7u/tmp/tmp5zv8pom_.c:604:19: error: ‘TRUE’ undeclared (first use in this function)
  604 |   weak$$choice2 = TRUE;;
      |                   ^~~~

Compilation ended (exit code 1)
Verdict: Compilation error
Verdict: Unknown error
