ConcurrentWitness2Test/start.sh svcomp23-witness-benchmarks/tools/cseq/pthread-wmm/thin002_power.oepc.yml/thin002_power.oepc.i --graphml-witness svcomp23-witness-benchmarks/tools/cseq/pthread-wmm/thin002_power.oepc.yml/witness.graphml


--------------------------------------------------------------------------------


Traceback (most recent call last):
  File "/home/runner/work/ConcurrentWitness2Test/ConcurrentWitness2Test/ConcurrentWitness2Test/main.py", line 85, in translate_to_c
    sys.exit(-1)
SystemExit: -1
/tmp/BenchExec_run_g3php46x/tmp/tmpp7lp458d.c
Compilation started
/tmp/BenchExec_run_g3php46x/tmp/tmpp7lp458d.c: In function ‘P0’:
/tmp/BenchExec_run_g3php46x/tmp/tmpp7lp458d.c:592:19: error: ‘FALSE’ undeclared (first use in this function)
  592 |   weak$$choice0 = FALSE;;
      |                   ^~~~~
/tmp/BenchExec_run_g3php46x/tmp/tmpp7lp458d.c:592:19: note: each undeclared identifier is reported only once for each function it appears in
/tmp/BenchExec_run_g3php46x/tmp/tmpp7lp458d.c: In function ‘main’:
/tmp/BenchExec_run_g3php46x/tmp/tmpp7lp458d.c:730:19: error: ‘TRUE’ undeclared (first use in this function)
  730 |   weak$$choice1 = TRUE;;
      |                   ^~~~

Compilation ended (exit code 1)
Verdict: Compilation error
Verdict: Unknown error
