ConcurrentWitness2Test/start.sh svcomp23-witness-benchmarks/tools/cseq/pthread-wmm/mix001.oepc.yml/mix001.oepc.i --graphml-witness svcomp23-witness-benchmarks/tools/cseq/pthread-wmm/mix001.oepc.yml/witness.graphml


--------------------------------------------------------------------------------


Traceback (most recent call last):
  File "/home/runner/work/ConcurrentWitness2Test/ConcurrentWitness2Test/ConcurrentWitness2Test/main.py", line 85, in translate_to_c
    sys.exit(-1)
SystemExit: -1
/tmp/BenchExec_run_9x8qbhsc/tmp/tmp1exfpygq.c
Compilation started
/tmp/BenchExec_run_9x8qbhsc/tmp/tmp1exfpygq.c: In function ‘P0’:
/tmp/BenchExec_run_9x8qbhsc/tmp/tmp1exfpygq.c:584:19: error: ‘FALSE’ undeclared (first use in this function)
  584 |   weak$$choice0 = FALSE;;
      |                   ^~~~~
/tmp/BenchExec_run_9x8qbhsc/tmp/tmp1exfpygq.c:584:19: note: each undeclared identifier is reported only once for each function it appears in
/tmp/BenchExec_run_9x8qbhsc/tmp/tmp1exfpygq.c:585:19: error: ‘TRUE’ undeclared (first use in this function)
  585 |   weak$$choice2 = TRUE;;
      |                   ^~~~
/tmp/BenchExec_run_9x8qbhsc/tmp/tmp1exfpygq.c: In function ‘P2’:
/tmp/BenchExec_run_9x8qbhsc/tmp/tmp1exfpygq.c:652:19: error: ‘FALSE’ undeclared (first use in this function)
  652 |   weak$$choice0 = FALSE;;
      |                   ^~~~~

Compilation ended (exit code 1)
Verdict: Compilation error
Verdict: Unknown error
