ConcurrentWitness2Test/start.sh svcomp23-witness-benchmarks/tools/cseq/pthread-wmm/safe000_power.oepc.yml/safe000_power.oepc.i --graphml-witness svcomp23-witness-benchmarks/tools/cseq/pthread-wmm/safe000_power.oepc.yml/witness.graphml


--------------------------------------------------------------------------------


Traceback (most recent call last):
  File "/home/runner/work/ConcurrentWitness2Test/ConcurrentWitness2Test/ConcurrentWitness2Test/main.py", line 85, in translate_to_c
    sys.exit(-1)
SystemExit: -1
/tmp/BenchExec_run_l_lxv56o/tmp/tmp10rzzg22.c
Compilation started
/tmp/BenchExec_run_l_lxv56o/tmp/tmp10rzzg22.c: In function ‘P0’:
/tmp/BenchExec_run_l_lxv56o/tmp/tmp10rzzg22.c:581:19: error: ‘FALSE’ undeclared (first use in this function)
  581 |   weak$$choice0 = FALSE;;
      |                   ^~~~~
/tmp/BenchExec_run_l_lxv56o/tmp/tmp10rzzg22.c:581:19: note: each undeclared identifier is reported only once for each function it appears in
/tmp/BenchExec_run_l_lxv56o/tmp/tmp10rzzg22.c: In function ‘P2’:
/tmp/BenchExec_run_l_lxv56o/tmp/tmp10rzzg22.c:638:19: error: ‘FALSE’ undeclared (first use in this function)
  638 |   weak$$choice0 = FALSE;;
      |                   ^~~~~
/tmp/BenchExec_run_l_lxv56o/tmp/tmp10rzzg22.c: In function ‘main’:
/tmp/BenchExec_run_l_lxv56o/tmp/tmp10rzzg22.c:713:19: error: ‘FALSE’ undeclared (first use in this function)
  713 |   weak$$choice0 = FALSE;;
      |                   ^~~~~
/tmp/BenchExec_run_l_lxv56o/tmp/tmp10rzzg22.c:724:19: error: ‘TRUE’ undeclared (first use in this function)
  724 |   weak$$choice1 = TRUE;;
      |                   ^~~~

Compilation ended (exit code 1)
Verdict: Compilation error
Verdict: Unknown error
