ConcurrentWitness2Test/start.sh svcomp23-witness-benchmarks/tools/cseq/pthread-wmm/safe006_rmo.oepc_rmo.opt-thin000_rmo.oepc_rmo.opt.yml/safe006_rmo.oepc_rmo.opt-thin000_rmo.oepc_rmo.opt.i --graphml-witness svcomp23-witness-benchmarks/tools/cseq/pthread-wmm/safe006_rmo.oepc_rmo.opt-thin000_rmo.oepc_rmo.opt.yml/witness.graphml


--------------------------------------------------------------------------------


Traceback (most recent call last):
  File "/home/runner/work/ConcurrentWitness2Test/ConcurrentWitness2Test/ConcurrentWitness2Test/main.py", line 85, in translate_to_c
    sys.exit(-1)
SystemExit: -1
/tmp/BenchExec_run_jomb60ge/tmp/tmpjvjfbzi6.c
Compilation started
/tmp/BenchExec_run_jomb60ge/tmp/tmpjvjfbzi6.c: In function ‘P0’:
/tmp/BenchExec_run_jomb60ge/tmp/tmpjvjfbzi6.c:574:19: error: ‘FALSE’ undeclared (first use in this function)
  574 |   weak$$choice0 = FALSE;;
      |                   ^~~~~
/tmp/BenchExec_run_jomb60ge/tmp/tmpjvjfbzi6.c:574:19: note: each undeclared identifier is reported only once for each function it appears in
/tmp/BenchExec_run_jomb60ge/tmp/tmpjvjfbzi6.c: In function ‘main’:
/tmp/BenchExec_run_jomb60ge/tmp/tmpjvjfbzi6.c:663:19: error: ‘TRUE’ undeclared (first use in this function)
  663 |   weak$$choice1 = TRUE;;
      |                   ^~~~

Compilation ended (exit code 1)
Verdict: Compilation error
Verdict: Unknown error
