ConcurrentWitness2Test/start.sh svcomp23-witness-benchmarks/tools/cseq/pthread-wmm/safe009_rmo.oepc.yml/safe009_rmo.oepc.i --graphml-witness svcomp23-witness-benchmarks/tools/cseq/pthread-wmm/safe009_rmo.oepc.yml/witness.graphml


--------------------------------------------------------------------------------


Traceback (most recent call last):
  File "/home/runner/work/ConcurrentWitness2Test/ConcurrentWitness2Test/ConcurrentWitness2Test/main.py", line 85, in translate_to_c
    sys.exit(-1)
SystemExit: -1
/tmp/BenchExec_run_ycg5u0zh/tmp/tmpybtar66n.c
Compilation started
/tmp/BenchExec_run_ycg5u0zh/tmp/tmpybtar66n.c: In function ‘P0’:
/tmp/BenchExec_run_ycg5u0zh/tmp/tmpybtar66n.c:579:19: error: ‘FALSE’ undeclared (first use in this function)
  579 |   weak$$choice0 = FALSE;;
      |                   ^~~~~
/tmp/BenchExec_run_ycg5u0zh/tmp/tmpybtar66n.c:579:19: note: each undeclared identifier is reported only once for each function it appears in
/tmp/BenchExec_run_ycg5u0zh/tmp/tmpybtar66n.c: In function ‘main’:
/tmp/BenchExec_run_ycg5u0zh/tmp/tmpybtar66n.c:694:19: error: ‘FALSE’ undeclared (first use in this function)
  694 |   weak$$choice0 = FALSE;;
      |                   ^~~~~
/tmp/BenchExec_run_ycg5u0zh/tmp/tmpybtar66n.c:705:19: error: ‘TRUE’ undeclared (first use in this function)
  705 |   weak$$choice1 = TRUE;;
      |                   ^~~~

Compilation ended (exit code 1)
Verdict: Compilation error
Verdict: Unknown error
