ConcurrentWitness2Test/start.sh svcomp23-witness-benchmarks/tools/cseq/pthread-wmm/safe028_rmo.yml/safe028_rmo.i --graphml-witness svcomp23-witness-benchmarks/tools/cseq/pthread-wmm/safe028_rmo.yml/witness.graphml


--------------------------------------------------------------------------------


Traceback (most recent call last):
  File "/home/runner/work/ConcurrentWitness2Test/ConcurrentWitness2Test/ConcurrentWitness2Test/main.py", line 85, in translate_to_c
    sys.exit(-1)
SystemExit: -1
/tmp/BenchExec_run_2319yfnp/tmp/tmptxww93dv.c
Compilation started
/tmp/BenchExec_run_2319yfnp/tmp/tmptxww93dv.c: In function ‘P0’:
/tmp/BenchExec_run_2319yfnp/tmp/tmptxww93dv.c:586:19: error: ‘FALSE’ undeclared (first use in this function)
  586 |   weak$$choice0 = FALSE;;
      |                   ^~~~~
/tmp/BenchExec_run_2319yfnp/tmp/tmptxww93dv.c:586:19: note: each undeclared identifier is reported only once for each function it appears in
/tmp/BenchExec_run_2319yfnp/tmp/tmptxww93dv.c: In function ‘P2’:
/tmp/BenchExec_run_2319yfnp/tmp/tmptxww93dv.c:634:19: error: ‘FALSE’ undeclared (first use in this function)
  634 |   weak$$choice0 = FALSE;;
      |                   ^~~~~
/tmp/BenchExec_run_2319yfnp/tmp/tmptxww93dv.c: In function ‘main’:
/tmp/BenchExec_run_2319yfnp/tmp/tmptxww93dv.c:711:19: error: ‘TRUE’ undeclared (first use in this function)
  711 |   weak$$choice1 = TRUE;;
      |                   ^~~~

Compilation ended (exit code 1)
Verdict: Compilation error
Verdict: Unknown error
