ConcurrentWitness2Test/start.sh svcomp23-witness-benchmarks/tools/cseq/pthread-wmm/safe007_power.opt-thin001_power.opt.yml/safe007_power.opt-thin001_power.opt.i --graphml-witness svcomp23-witness-benchmarks/tools/cseq/pthread-wmm/safe007_power.opt-thin001_power.opt.yml/witness.graphml


--------------------------------------------------------------------------------


Traceback (most recent call last):
  File "/home/runner/work/ConcurrentWitness2Test/ConcurrentWitness2Test/ConcurrentWitness2Test/main.py", line 85, in translate_to_c
    sys.exit(-1)
SystemExit: -1
/tmp/BenchExec_run_snr4w_eu/tmp/tmpgozzm3wq.c
Compilation started
/tmp/BenchExec_run_snr4w_eu/tmp/tmpgozzm3wq.c: In function ‘P2’:
/tmp/BenchExec_run_snr4w_eu/tmp/tmpgozzm3wq.c:632:19: error: ‘TRUE’ undeclared (first use in this function)
  632 |   weak$$choice0 = TRUE;;
      |                   ^~~~
/tmp/BenchExec_run_snr4w_eu/tmp/tmpgozzm3wq.c:632:19: note: each undeclared identifier is reported only once for each function it appears in
/tmp/BenchExec_run_snr4w_eu/tmp/tmpgozzm3wq.c:636:19: error: ‘FALSE’ undeclared (first use in this function)
  636 |   weak$$choice1 = FALSE;;
      |                   ^~~~~
/tmp/BenchExec_run_snr4w_eu/tmp/tmpgozzm3wq.c: In function ‘main’:
/tmp/BenchExec_run_snr4w_eu/tmp/tmpgozzm3wq.c:708:19: error: ‘TRUE’ undeclared (first use in this function)
  708 |   weak$$choice1 = TRUE;;
      |                   ^~~~

Compilation ended (exit code 1)
Verdict: Compilation error
Verdict: Unknown error
