ConcurrentWitness2Test/start.sh svcomp23-witness-benchmarks/tools/cseq/pthread-wmm/mix052_power.oepc_power.opt_pso.oepc_rmo.oepc.yml/mix052_power.oepc_power.opt_pso.oepc_rmo.oepc.i --graphml-witness svcomp23-witness-benchmarks/tools/cseq/pthread-wmm/mix052_power.oepc_power.opt_pso.oepc_rmo.oepc.yml/witness.graphml


--------------------------------------------------------------------------------


Traceback (most recent call last):
  File "/home/runner/work/ConcurrentWitness2Test/ConcurrentWitness2Test/ConcurrentWitness2Test/main.py", line 85, in translate_to_c
    sys.exit(-1)
SystemExit: -1
/tmp/BenchExec_run_cx3j90i3/tmp/tmprxk78_mb.c
Compilation started
/tmp/BenchExec_run_cx3j90i3/tmp/tmprxk78_mb.c: In function ‘P2’:
/tmp/BenchExec_run_cx3j90i3/tmp/tmprxk78_mb.c:621:19: error: ‘FALSE’ undeclared (first use in this function)
  621 |   weak$$choice0 = FALSE;;
      |                   ^~~~~
/tmp/BenchExec_run_cx3j90i3/tmp/tmprxk78_mb.c:621:19: note: each undeclared identifier is reported only once for each function it appears in

Compilation ended (exit code 1)
Verdict: Compilation error
Verdict: Unknown error
