ConcurrentWitness2Test/start.sh svcomp23-witness-benchmarks/tools/cseq/pthread-wmm/rfi006_rmo.yml/rfi006_rmo.i --graphml-witness svcomp23-witness-benchmarks/tools/cseq/pthread-wmm/rfi006_rmo.yml/witness.graphml


--------------------------------------------------------------------------------


Traceback (most recent call last):
  File "/home/runner/work/ConcurrentWitness2Test/ConcurrentWitness2Test/ConcurrentWitness2Test/main.py", line 85, in translate_to_c
    sys.exit(-1)
SystemExit: -1
/tmp/BenchExec_run__uotksl_/tmp/tmpqcv3ivap.c
Compilation started
/tmp/BenchExec_run__uotksl_/tmp/tmpqcv3ivap.c: In function ‘P0’:
/tmp/BenchExec_run__uotksl_/tmp/tmpqcv3ivap.c:581:19: error: ‘FALSE’ undeclared (first use in this function)
  581 |   weak$$choice0 = FALSE;;
      |                   ^~~~~
/tmp/BenchExec_run__uotksl_/tmp/tmpqcv3ivap.c:581:19: note: each undeclared identifier is reported only once for each function it appears in
/tmp/BenchExec_run__uotksl_/tmp/tmpqcv3ivap.c: In function ‘P1’:
/tmp/BenchExec_run__uotksl_/tmp/tmpqcv3ivap.c:620:19: error: ‘FALSE’ undeclared (first use in this function)
  620 |   weak$$choice0 = FALSE;;
      |                   ^~~~~
/tmp/BenchExec_run__uotksl_/tmp/tmpqcv3ivap.c: In function ‘main’:
/tmp/BenchExec_run__uotksl_/tmp/tmpqcv3ivap.c:707:19: error: ‘TRUE’ undeclared (first use in this function)
  707 |   weak$$choice1 = TRUE;;
      |                   ^~~~

Compilation ended (exit code 1)
Verdict: Compilation error
Verdict: Unknown error
