ConcurrentWitness2Test/start.sh svcomp23-witness-benchmarks/tools/cseq/pthread-wmm/safe016_power.oepc.yml/safe016_power.oepc.i --graphml-witness svcomp23-witness-benchmarks/tools/cseq/pthread-wmm/safe016_power.oepc.yml/witness.graphml


--------------------------------------------------------------------------------


Traceback (most recent call last):
  File "/home/runner/work/ConcurrentWitness2Test/ConcurrentWitness2Test/ConcurrentWitness2Test/main.py", line 85, in translate_to_c
    sys.exit(-1)
SystemExit: -1
/tmp/BenchExec_run_reuc2ggx/tmp/tmp3d5je8gj.c
Compilation started
/tmp/BenchExec_run_reuc2ggx/tmp/tmp3d5je8gj.c: In function ‘P0’:
/tmp/BenchExec_run_reuc2ggx/tmp/tmp3d5je8gj.c:584:19: error: ‘FALSE’ undeclared (first use in this function)
  584 |   weak$$choice0 = FALSE;;
      |                   ^~~~~
/tmp/BenchExec_run_reuc2ggx/tmp/tmp3d5je8gj.c:584:19: note: each undeclared identifier is reported only once for each function it appears in
/tmp/BenchExec_run_reuc2ggx/tmp/tmp3d5je8gj.c: In function ‘main’:
/tmp/BenchExec_run_reuc2ggx/tmp/tmp3d5je8gj.c:721:19: error: ‘FALSE’ undeclared (first use in this function)
  721 |   weak$$choice0 = FALSE;;
      |                   ^~~~~
/tmp/BenchExec_run_reuc2ggx/tmp/tmp3d5je8gj.c:732:19: error: ‘TRUE’ undeclared (first use in this function)
  732 |   weak$$choice1 = TRUE;;
      |                   ^~~~

Compilation ended (exit code 1)
Verdict: Compilation error
Verdict: Unknown error
