ConcurrentWitness2Test/start.sh svcomp23-witness-benchmarks/tools/cseq/pthread-wmm/mix005.opt.yml/mix005.opt.i --graphml-witness svcomp23-witness-benchmarks/tools/cseq/pthread-wmm/mix005.opt.yml/witness.graphml


--------------------------------------------------------------------------------


Traceback (most recent call last):
  File "/home/runner/work/ConcurrentWitness2Test/ConcurrentWitness2Test/ConcurrentWitness2Test/main.py", line 85, in translate_to_c
    sys.exit(-1)
SystemExit: -1
/tmp/BenchExec_run_amkaz8um/tmp/tmppxwhiyd0.c
Compilation started
/tmp/BenchExec_run_amkaz8um/tmp/tmppxwhiyd0.c: In function ‘P2’:
/tmp/BenchExec_run_amkaz8um/tmp/tmppxwhiyd0.c:616:19: error: ‘FALSE’ undeclared (first use in this function)
  616 |   weak$$choice0 = FALSE;;
      |                   ^~~~~
/tmp/BenchExec_run_amkaz8um/tmp/tmppxwhiyd0.c:616:19: note: each undeclared identifier is reported only once for each function it appears in
/tmp/BenchExec_run_amkaz8um/tmp/tmppxwhiyd0.c: In function ‘P3’:
/tmp/BenchExec_run_amkaz8um/tmp/tmppxwhiyd0.c:657:19: error: ‘FALSE’ undeclared (first use in this function)
  657 |   weak$$choice0 = FALSE;;
      |                   ^~~~~
/tmp/BenchExec_run_amkaz8um/tmp/tmppxwhiyd0.c:658:19: error: ‘TRUE’ undeclared (first use in this function)
  658 |   weak$$choice2 = TRUE;;
      |                   ^~~~

Compilation ended (exit code 1)
Verdict: Compilation error
Verdict: Unknown error
