ConcurrentWitness2Test/start.sh svcomp23-witness-benchmarks/tools/divine/pthread-lit/sssc12_variant.yml/sssc12_variant.i --graphml-witness svcomp23-witness-benchmarks/tools/divine/pthread-lit/sssc12_variant.yml/witness.graphml


--------------------------------------------------------------------------------


Traceback (most recent call last):
  File "/home/runner/work/ConcurrentWitness2Test/ConcurrentWitness2Test/ConcurrentWitness2Test/main.py", line 85, in translate_to_c
    sys.exit(-1)
SystemExit: -1
/tmp/BenchExec_run_3i__z4p_/tmp/tmphtbrr0wz.c
Compilation started
/usr/bin/ld: /tmp/BenchExec_run_3i__z4p_/tmp/ccCnNtq7.o: in function `release':
svcomp.c:(.text+0x1a7): multiple definition of `release'; /tmp/BenchExec_run_3i__z4p_/tmp/ccwX4oNp.o:tmphtbrr0wz.c:(.text+0xe0): first defined here
collect2: error: ld returned 1 exit status

Compilation ended (exit code 1)
Verdict: Compilation error
Verdict: Unknown error
