ConcurrentWitness2Test/start.sh svcomp23-witness-benchmarks/tools/cseq/pthread-wmm/mix033_tso.oepc.yml/mix033_tso.oepc.i --graphml-witness svcomp23-witness-benchmarks/tools/cseq/pthread-wmm/mix033_tso.oepc.yml/witness.graphml


--------------------------------------------------------------------------------


Traceback (most recent call last):
  File "/home/runner/work/ConcurrentWitness2Test/ConcurrentWitness2Test/ConcurrentWitness2Test/main.py", line 85, in translate_to_c
    sys.exit(-1)
SystemExit: -1
/tmp/BenchExec_run_62zbrsfq/tmp/tmpjixrsj_z.c
Compilation started
/tmp/BenchExec_run_62zbrsfq/tmp/tmpjixrsj_z.c: In function ‘main’:
/tmp/BenchExec_run_62zbrsfq/tmp/tmpjixrsj_z.c:698:19: error: ‘FALSE’ undeclared (first use in this function)
  698 |   weak$$choice0 = FALSE;;
      |                   ^~~~~
/tmp/BenchExec_run_62zbrsfq/tmp/tmpjixrsj_z.c:698:19: note: each undeclared identifier is reported only once for each function it appears in

Compilation ended (exit code 1)
Verdict: Compilation error
Verdict: Unknown error
