ConcurrentWitness2Test/start.sh svcomp23-witness-benchmarks/tools/cseq/pthread-wmm/thin002_power.opt.yml/thin002_power.opt.i --graphml-witness svcomp23-witness-benchmarks/tools/cseq/pthread-wmm/thin002_power.opt.yml/witness.graphml


--------------------------------------------------------------------------------


Traceback (most recent call last):
  File "/home/runner/work/ConcurrentWitness2Test/ConcurrentWitness2Test/ConcurrentWitness2Test/main.py", line 85, in translate_to_c
    sys.exit(-1)
SystemExit: -1
/tmp/BenchExec_run_5pwedrin/tmp/tmpvx35hwk_.c
Compilation started
/tmp/BenchExec_run_5pwedrin/tmp/tmpvx35hwk_.c: In function ‘P3’:
/tmp/BenchExec_run_5pwedrin/tmp/tmpvx35hwk_.c:660:19: error: ‘TRUE’ undeclared (first use in this function)
  660 |   weak$$choice0 = TRUE;;
      |                   ^~~~
/tmp/BenchExec_run_5pwedrin/tmp/tmpvx35hwk_.c:660:19: note: each undeclared identifier is reported only once for each function it appears in
/tmp/BenchExec_run_5pwedrin/tmp/tmpvx35hwk_.c:664:19: error: ‘FALSE’ undeclared (first use in this function)
  664 |   weak$$choice1 = FALSE;;
      |                   ^~~~~
/tmp/BenchExec_run_5pwedrin/tmp/tmpvx35hwk_.c: In function ‘main’:
/tmp/BenchExec_run_5pwedrin/tmp/tmpvx35hwk_.c:742:19: error: ‘TRUE’ undeclared (first use in this function)
  742 |   weak$$choice1 = TRUE;;
      |                   ^~~~

Compilation ended (exit code 1)
Verdict: Compilation error
Verdict: Unknown error
