ConcurrentWitness2Test/start.sh svcomp23-witness-benchmarks/tools/cseq/pthread-wmm/safe019_rmo.opt.yml/safe019_rmo.opt.i --graphml-witness svcomp23-witness-benchmarks/tools/cseq/pthread-wmm/safe019_rmo.opt.yml/witness.graphml


--------------------------------------------------------------------------------


Traceback (most recent call last):
  File "/home/runner/work/ConcurrentWitness2Test/ConcurrentWitness2Test/ConcurrentWitness2Test/main.py", line 85, in translate_to_c
    sys.exit(-1)
SystemExit: -1
/tmp/BenchExec_run_0x0_jsbg/tmp/tmpboi8vuo9.c
Compilation started
/tmp/BenchExec_run_0x0_jsbg/tmp/tmpboi8vuo9.c: In function ‘P0’:
/tmp/BenchExec_run_0x0_jsbg/tmp/tmpboi8vuo9.c:589:19: error: ‘FALSE’ undeclared (first use in this function)
  589 |   weak$$choice0 = FALSE;;
      |                   ^~~~~
/tmp/BenchExec_run_0x0_jsbg/tmp/tmpboi8vuo9.c:589:19: note: each undeclared identifier is reported only once for each function it appears in
/tmp/BenchExec_run_0x0_jsbg/tmp/tmpboi8vuo9.c: In function ‘P2’:
/tmp/BenchExec_run_0x0_jsbg/tmp/tmpboi8vuo9.c:637:19: error: ‘FALSE’ undeclared (first use in this function)
  637 |   weak$$choice0 = FALSE;;
      |                   ^~~~~
/tmp/BenchExec_run_0x0_jsbg/tmp/tmpboi8vuo9.c: In function ‘main’:
/tmp/BenchExec_run_0x0_jsbg/tmp/tmpboi8vuo9.c:740:19: error: ‘TRUE’ undeclared (first use in this function)
  740 |   weak$$choice1 = TRUE;;
      |                   ^~~~

Compilation ended (exit code 1)
Verdict: Compilation error
Verdict: Unknown error
