ConcurrentWitness2Test/start.sh svcomp23-witness-benchmarks/tools/cseq/pthread-wmm/safe006_power.oepc-thin000_power.oepc.yml/safe006_power.oepc-thin000_power.oepc.i --graphml-witness svcomp23-witness-benchmarks/tools/cseq/pthread-wmm/safe006_power.oepc-thin000_power.oepc.yml/witness.graphml


--------------------------------------------------------------------------------


Traceback (most recent call last):
  File "/home/runner/work/ConcurrentWitness2Test/ConcurrentWitness2Test/ConcurrentWitness2Test/main.py", line 85, in translate_to_c
    sys.exit(-1)
SystemExit: -1
/tmp/BenchExec_run_cq5xvb1r/tmp/tmp1kwbfc_t.c
Compilation started
/tmp/BenchExec_run_cq5xvb1r/tmp/tmp1kwbfc_t.c: In function ‘P0’:
/tmp/BenchExec_run_cq5xvb1r/tmp/tmp1kwbfc_t.c:574:19: error: ‘FALSE’ undeclared (first use in this function)
  574 |   weak$$choice0 = FALSE;;
      |                   ^~~~~
/tmp/BenchExec_run_cq5xvb1r/tmp/tmp1kwbfc_t.c:574:19: note: each undeclared identifier is reported only once for each function it appears in
/tmp/BenchExec_run_cq5xvb1r/tmp/tmp1kwbfc_t.c: In function ‘main’:
/tmp/BenchExec_run_cq5xvb1r/tmp/tmp1kwbfc_t.c:664:19: error: ‘TRUE’ undeclared (first use in this function)
  664 |   weak$$choice1 = TRUE;;
      |                   ^~~~

Compilation ended (exit code 1)
Verdict: Compilation error
Verdict: Unknown error
