ConcurrentWitness2Test/start.sh svcomp23-witness-benchmarks/tools/cseq/pthread-wmm/safe019_power.oepc.yml/safe019_power.oepc.i --graphml-witness svcomp23-witness-benchmarks/tools/cseq/pthread-wmm/safe019_power.oepc.yml/witness.graphml


--------------------------------------------------------------------------------


Traceback (most recent call last):
  File "/home/runner/work/ConcurrentWitness2Test/ConcurrentWitness2Test/ConcurrentWitness2Test/main.py", line 85, in translate_to_c
    sys.exit(-1)
SystemExit: -1
/tmp/BenchExec_run_hty_yi8t/tmp/tmpamol9do0.c
Compilation started
/tmp/BenchExec_run_hty_yi8t/tmp/tmpamol9do0.c: In function ‘P0’:
/tmp/BenchExec_run_hty_yi8t/tmp/tmpamol9do0.c:586:19: error: ‘FALSE’ undeclared (first use in this function)
  586 |   weak$$choice0 = FALSE;;
      |                   ^~~~~
/tmp/BenchExec_run_hty_yi8t/tmp/tmpamol9do0.c:586:19: note: each undeclared identifier is reported only once for each function it appears in
/tmp/BenchExec_run_hty_yi8t/tmp/tmpamol9do0.c: In function ‘main’:
/tmp/BenchExec_run_hty_yi8t/tmp/tmpamol9do0.c:723:19: error: ‘FALSE’ undeclared (first use in this function)
  723 |   weak$$choice0 = FALSE;;
      |                   ^~~~~
/tmp/BenchExec_run_hty_yi8t/tmp/tmpamol9do0.c:734:19: error: ‘TRUE’ undeclared (first use in this function)
  734 |   weak$$choice1 = TRUE;;
      |                   ^~~~

Compilation ended (exit code 1)
Verdict: Compilation error
Verdict: Unknown error
