ConcurrentWitness2Test/start.sh svcomp23-witness-benchmarks/tools/cseq/pthread-wmm/mix008.opt.yml/mix008.opt.i --graphml-witness svcomp23-witness-benchmarks/tools/cseq/pthread-wmm/mix008.opt.yml/witness.graphml


--------------------------------------------------------------------------------


Traceback (most recent call last):
  File "/home/runner/work/ConcurrentWitness2Test/ConcurrentWitness2Test/ConcurrentWitness2Test/main.py", line 85, in translate_to_c
    sys.exit(-1)
SystemExit: -1
/tmp/BenchExec_run_vw5dhj9l/tmp/tmpw8mn2mqp.c
Compilation started
/tmp/BenchExec_run_vw5dhj9l/tmp/tmpw8mn2mqp.c: In function ‘P2’:
/tmp/BenchExec_run_vw5dhj9l/tmp/tmpw8mn2mqp.c:614:19: error: ‘FALSE’ undeclared (first use in this function)
  614 |   weak$$choice0 = FALSE;;
      |                   ^~~~~
/tmp/BenchExec_run_vw5dhj9l/tmp/tmpw8mn2mqp.c:614:19: note: each undeclared identifier is reported only once for each function it appears in
/tmp/BenchExec_run_vw5dhj9l/tmp/tmpw8mn2mqp.c: In function ‘P3’:
/tmp/BenchExec_run_vw5dhj9l/tmp/tmpw8mn2mqp.c:655:19: error: ‘FALSE’ undeclared (first use in this function)
  655 |   weak$$choice0 = FALSE;;
      |                   ^~~~~
/tmp/BenchExec_run_vw5dhj9l/tmp/tmpw8mn2mqp.c:656:19: error: ‘TRUE’ undeclared (first use in this function)
  656 |   weak$$choice2 = TRUE;;
      |                   ^~~~

Compilation ended (exit code 1)
Verdict: Compilation error
Verdict: Unknown error
