ConcurrentWitness2Test/start.sh svcomp23-witness-benchmarks/tools/cseq/pthread-wmm/mix024_power.opt_pso.opt_rmo.opt.yml/mix024_power.opt_pso.opt_rmo.opt.i --graphml-witness svcomp23-witness-benchmarks/tools/cseq/pthread-wmm/mix024_power.opt_pso.opt_rmo.opt.yml/witness.graphml


--------------------------------------------------------------------------------


Traceback (most recent call last):
  File "/home/runner/work/ConcurrentWitness2Test/ConcurrentWitness2Test/ConcurrentWitness2Test/main.py", line 85, in translate_to_c
    sys.exit(-1)
SystemExit: -1
/tmp/BenchExec_run_v0gfa696/tmp/tmprqjk6r9o.c
Compilation started
/tmp/BenchExec_run_v0gfa696/tmp/tmprqjk6r9o.c: In function ‘P0’:
/tmp/BenchExec_run_v0gfa696/tmp/tmprqjk6r9o.c:579:19: error: ‘FALSE’ undeclared (first use in this function)
  579 |   weak$$choice0 = FALSE;;
      |                   ^~~~~
/tmp/BenchExec_run_v0gfa696/tmp/tmprqjk6r9o.c:579:19: note: each undeclared identifier is reported only once for each function it appears in

Compilation ended (exit code 1)
Verdict: Compilation error
Verdict: Unknown error
