ConcurrentWitness2Test/start.sh svcomp23-witness-benchmarks/tools/cseq/goblint-regression/28-race_reach_84-list2_racing2.yml/28-race_reach_84-list2_racing2.i --graphml-witness svcomp23-witness-benchmarks/tools/cseq/goblint-regression/28-race_reach_84-list2_racing2.yml/witness.graphml


--------------------------------------------------------------------------------


Traceback (most recent call last):
  File "/home/runner/work/ConcurrentWitness2Test/ConcurrentWitness2Test/ConcurrentWitness2Test/main.py", line 85, in translate_to_c
    sys.exit(-1)
SystemExit: -1
/tmp/BenchExec_run__2gqeqr7/tmp/tmpn94fxpxo.c
Compilation started
/tmp/BenchExec_run__2gqeqr7/tmp/tmpn94fxpxo.c:716:8: error: redefinition of ‘struct s’
  716 | struct s
      |        ^
/tmp/BenchExec_run__2gqeqr7/tmp/tmpn94fxpxo.c:711:8: note: originally defined here
  711 | struct s
      |        ^

Compilation ended (exit code 1)
Verdict: Compilation error
Verdict: Unknown error
