ConcurrentWitness2Test/start.sh svcomp23-witness-benchmarks/tools/cseq/pthread-wmm/mix018.opt.yml/mix018.opt.i --graphml-witness svcomp23-witness-benchmarks/tools/cseq/pthread-wmm/mix018.opt.yml/witness.graphml


--------------------------------------------------------------------------------


Traceback (most recent call last):
  File "/home/runner/work/ConcurrentWitness2Test/ConcurrentWitness2Test/ConcurrentWitness2Test/main.py", line 85, in translate_to_c
    sys.exit(-1)
SystemExit: -1
/tmp/BenchExec_run_x7ffnomi/tmp/tmpmkltm03d.c
Compilation started
/tmp/BenchExec_run_x7ffnomi/tmp/tmpmkltm03d.c: In function ‘P2’:
/tmp/BenchExec_run_x7ffnomi/tmp/tmpmkltm03d.c:611:19: error: ‘FALSE’ undeclared (first use in this function)
  611 |   weak$$choice0 = FALSE;;
      |                   ^~~~~
/tmp/BenchExec_run_x7ffnomi/tmp/tmpmkltm03d.c:611:19: note: each undeclared identifier is reported only once for each function it appears in
/tmp/BenchExec_run_x7ffnomi/tmp/tmpmkltm03d.c: In function ‘P3’:
/tmp/BenchExec_run_x7ffnomi/tmp/tmpmkltm03d.c:652:19: error: ‘FALSE’ undeclared (first use in this function)
  652 |   weak$$choice0 = FALSE;;
      |                   ^~~~~
/tmp/BenchExec_run_x7ffnomi/tmp/tmpmkltm03d.c:653:19: error: ‘TRUE’ undeclared (first use in this function)
  653 |   weak$$choice2 = TRUE;;
      |                   ^~~~

Compilation ended (exit code 1)
Verdict: Compilation error
Verdict: Unknown error
