ConcurrentWitness2Test/start.sh svcomp23-witness-benchmarks/tools/cseq/pthread-wmm/mix027_tso.yml/mix027_tso.i --graphml-witness svcomp23-witness-benchmarks/tools/cseq/pthread-wmm/mix027_tso.yml/witness.graphml


--------------------------------------------------------------------------------


Traceback (most recent call last):
  File "/home/runner/work/ConcurrentWitness2Test/ConcurrentWitness2Test/ConcurrentWitness2Test/main.py", line 85, in translate_to_c
    sys.exit(-1)
SystemExit: -1
/tmp/BenchExec_run_t3yk4gc1/tmp/tmp9ozwugmg.c
Compilation started
/tmp/BenchExec_run_t3yk4gc1/tmp/tmp9ozwugmg.c: In function ‘main’:
/tmp/BenchExec_run_t3yk4gc1/tmp/tmp9ozwugmg.c:720:19: error: ‘FALSE’ undeclared (first use in this function)
  720 |   weak$$choice0 = FALSE;;
      |                   ^~~~~
/tmp/BenchExec_run_t3yk4gc1/tmp/tmp9ozwugmg.c:720:19: note: each undeclared identifier is reported only once for each function it appears in

Compilation ended (exit code 1)
Verdict: Compilation error
Verdict: Unknown error
