ConcurrentWitness2Test/start.sh svcomp23-witness-benchmarks/tools/cseq/pthread-wmm/mix051_pso.opt_rmo.opt_tso.opt.yml/mix051_pso.opt_rmo.opt_tso.opt.i --graphml-witness svcomp23-witness-benchmarks/tools/cseq/pthread-wmm/mix051_pso.opt_rmo.opt_tso.opt.yml/witness.graphml


--------------------------------------------------------------------------------


Traceback (most recent call last):
  File "/home/runner/work/ConcurrentWitness2Test/ConcurrentWitness2Test/ConcurrentWitness2Test/main.py", line 85, in translate_to_c
    sys.exit(-1)
SystemExit: -1
/tmp/BenchExec_run_wojrzxom/tmp/tmp_561cl0c.c
Compilation started
/tmp/BenchExec_run_wojrzxom/tmp/tmp_561cl0c.c: In function ‘P2’:
/tmp/BenchExec_run_wojrzxom/tmp/tmp_561cl0c.c:609:19: error: ‘FALSE’ undeclared (first use in this function)
  609 |   weak$$choice0 = FALSE;;
      |                   ^~~~~
/tmp/BenchExec_run_wojrzxom/tmp/tmp_561cl0c.c:609:19: note: each undeclared identifier is reported only once for each function it appears in

Compilation ended (exit code 1)
Verdict: Compilation error
Verdict: Unknown error
