ConcurrentWitness2Test/start.sh svcomp23-witness-benchmarks/tools/cseq/pthread-wmm/mix057_power.oepc_pso.oepc_rmo.oepc.yml/mix057_power.oepc_pso.oepc_rmo.oepc.i --graphml-witness svcomp23-witness-benchmarks/tools/cseq/pthread-wmm/mix057_power.oepc_pso.oepc_rmo.oepc.yml/witness.graphml


--------------------------------------------------------------------------------


Traceback (most recent call last):
  File "/home/runner/work/ConcurrentWitness2Test/ConcurrentWitness2Test/ConcurrentWitness2Test/main.py", line 85, in translate_to_c
    sys.exit(-1)
SystemExit: -1
/tmp/BenchExec_run_zqv9c5y_/tmp/tmpybziz6wh.c
Compilation started
/tmp/BenchExec_run_zqv9c5y_/tmp/tmpybziz6wh.c: In function ‘P3’:
/tmp/BenchExec_run_zqv9c5y_/tmp/tmpybziz6wh.c:648:19: error: ‘FALSE’ undeclared (first use in this function)
  648 |   weak$$choice0 = FALSE;;
      |                   ^~~~~
/tmp/BenchExec_run_zqv9c5y_/tmp/tmpybziz6wh.c:648:19: note: each undeclared identifier is reported only once for each function it appears in

Compilation ended (exit code 1)
Verdict: Compilation error
Verdict: Unknown error
