ConcurrentWitness2Test/start.sh svcomp23-witness-benchmarks/tools/cseq/pthread-wmm/mix057_power.opt_pso.opt_rmo.opt_tso.oepc_tso.opt.yml/mix057_power.opt_pso.opt_rmo.opt_tso.oepc_tso.opt.i --graphml-witness svcomp23-witness-benchmarks/tools/cseq/pthread-wmm/mix057_power.opt_pso.opt_rmo.opt_tso.oepc_tso.opt.yml/witness.graphml


--------------------------------------------------------------------------------


Traceback (most recent call last):
  File "/home/runner/work/ConcurrentWitness2Test/ConcurrentWitness2Test/ConcurrentWitness2Test/main.py", line 85, in translate_to_c
    sys.exit(-1)
SystemExit: -1
/tmp/BenchExec_run_k5opmy8j/tmp/tmp3_m4wb1w.c
Compilation started
/tmp/BenchExec_run_k5opmy8j/tmp/tmp3_m4wb1w.c: In function ‘main’:
/tmp/BenchExec_run_k5opmy8j/tmp/tmp3_m4wb1w.c:703:19: error: ‘FALSE’ undeclared (first use in this function)
  703 |   weak$$choice0 = FALSE;;
      |                   ^~~~~
/tmp/BenchExec_run_k5opmy8j/tmp/tmp3_m4wb1w.c:703:19: note: each undeclared identifier is reported only once for each function it appears in

Compilation ended (exit code 1)
Verdict: Compilation error
Verdict: Unknown error
