ConcurrentWitness2Test/start.sh svcomp23-witness-benchmarks/tools/cseq/pthread-wmm/rfi006_power.opt.yml/rfi006_power.opt.i --graphml-witness svcomp23-witness-benchmarks/tools/cseq/pthread-wmm/rfi006_power.opt.yml/witness.graphml


--------------------------------------------------------------------------------


Traceback (most recent call last):
  File "/home/runner/work/ConcurrentWitness2Test/ConcurrentWitness2Test/ConcurrentWitness2Test/main.py", line 85, in translate_to_c
    sys.exit(-1)
SystemExit: -1
/tmp/BenchExec_run_6mfs3ic0/tmp/tmprut0xcl3.c
Compilation started
/tmp/BenchExec_run_6mfs3ic0/tmp/tmprut0xcl3.c: In function ‘P0’:
/tmp/BenchExec_run_6mfs3ic0/tmp/tmprut0xcl3.c:581:19: error: ‘FALSE’ undeclared (first use in this function)
  581 |   weak$$choice0 = FALSE;;
      |                   ^~~~~
/tmp/BenchExec_run_6mfs3ic0/tmp/tmprut0xcl3.c:581:19: note: each undeclared identifier is reported only once for each function it appears in
/tmp/BenchExec_run_6mfs3ic0/tmp/tmprut0xcl3.c: In function ‘P1’:
/tmp/BenchExec_run_6mfs3ic0/tmp/tmprut0xcl3.c:621:19: error: ‘FALSE’ undeclared (first use in this function)
  621 |   weak$$choice0 = FALSE;;
      |                   ^~~~~
/tmp/BenchExec_run_6mfs3ic0/tmp/tmprut0xcl3.c: In function ‘main’:
/tmp/BenchExec_run_6mfs3ic0/tmp/tmprut0xcl3.c:715:19: error: ‘TRUE’ undeclared (first use in this function)
  715 |   weak$$choice1 = TRUE;;
      |                   ^~~~

Compilation ended (exit code 1)
Verdict: Compilation error
Verdict: Unknown error
