ConcurrentWitness2Test/start.sh svcomp23-witness-benchmarks/tools/cseq/pthread-wmm/safe001_rmo.oepc.yml/safe001_rmo.oepc.i --graphml-witness svcomp23-witness-benchmarks/tools/cseq/pthread-wmm/safe001_rmo.oepc.yml/witness.graphml


--------------------------------------------------------------------------------


Traceback (most recent call last):
  File "/home/runner/work/ConcurrentWitness2Test/ConcurrentWitness2Test/ConcurrentWitness2Test/main.py", line 85, in translate_to_c
    sys.exit(-1)
SystemExit: -1
/tmp/BenchExec_run_srzwy0vb/tmp/tmphp3kctpu.c
Compilation started
/tmp/BenchExec_run_srzwy0vb/tmp/tmphp3kctpu.c: In function ‘P0’:
/tmp/BenchExec_run_srzwy0vb/tmp/tmphp3kctpu.c:579:19: error: ‘FALSE’ undeclared (first use in this function)
  579 |   weak$$choice0 = FALSE;;
      |                   ^~~~~
/tmp/BenchExec_run_srzwy0vb/tmp/tmphp3kctpu.c:579:19: note: each undeclared identifier is reported only once for each function it appears in
/tmp/BenchExec_run_srzwy0vb/tmp/tmphp3kctpu.c: In function ‘P2’:
/tmp/BenchExec_run_srzwy0vb/tmp/tmphp3kctpu.c:635:19: error: ‘FALSE’ undeclared (first use in this function)
  635 |   weak$$choice0 = FALSE;;
      |                   ^~~~~
/tmp/BenchExec_run_srzwy0vb/tmp/tmphp3kctpu.c: In function ‘main’:
/tmp/BenchExec_run_srzwy0vb/tmp/tmphp3kctpu.c:708:19: error: ‘FALSE’ undeclared (first use in this function)
  708 |   weak$$choice0 = FALSE;;
      |                   ^~~~~
/tmp/BenchExec_run_srzwy0vb/tmp/tmphp3kctpu.c:719:19: error: ‘TRUE’ undeclared (first use in this function)
  719 |   weak$$choice1 = TRUE;;
      |                   ^~~~

Compilation ended (exit code 1)
Verdict: Compilation error
Verdict: Unknown error
