ConcurrentWitness2Test/start.sh svcomp23-witness-benchmarks/tools/cseq/pthread-wmm/mix004.opt.yml/mix004.opt.i --graphml-witness svcomp23-witness-benchmarks/tools/cseq/pthread-wmm/mix004.opt.yml/witness.graphml


--------------------------------------------------------------------------------


Traceback (most recent call last):
  File "/home/runner/work/ConcurrentWitness2Test/ConcurrentWitness2Test/ConcurrentWitness2Test/main.py", line 85, in translate_to_c
    sys.exit(-1)
SystemExit: -1
/tmp/BenchExec_run_4v7wcvat/tmp/tmph6if2cpu.c
Compilation started
/tmp/BenchExec_run_4v7wcvat/tmp/tmph6if2cpu.c: In function ‘P2’:
/tmp/BenchExec_run_4v7wcvat/tmp/tmph6if2cpu.c:618:19: error: ‘FALSE’ undeclared (first use in this function)
  618 |   weak$$choice0 = FALSE;;
      |                   ^~~~~
/tmp/BenchExec_run_4v7wcvat/tmp/tmph6if2cpu.c:618:19: note: each undeclared identifier is reported only once for each function it appears in
/tmp/BenchExec_run_4v7wcvat/tmp/tmph6if2cpu.c: In function ‘P3’:
/tmp/BenchExec_run_4v7wcvat/tmp/tmph6if2cpu.c:659:19: error: ‘FALSE’ undeclared (first use in this function)
  659 |   weak$$choice0 = FALSE;;
      |                   ^~~~~
/tmp/BenchExec_run_4v7wcvat/tmp/tmph6if2cpu.c:660:19: error: ‘TRUE’ undeclared (first use in this function)
  660 |   weak$$choice2 = TRUE;;
      |                   ^~~~

Compilation ended (exit code 1)
Verdict: Compilation error
Verdict: Unknown error
