ConcurrentWitness2Test/start.sh svcomp23-witness-benchmarks/tools/cseq/pthread-wmm/safe029_power.oepc_pso.oepc_rmo.oepc.yml/safe029_power.oepc_pso.oepc_rmo.oepc.i --graphml-witness svcomp23-witness-benchmarks/tools/cseq/pthread-wmm/safe029_power.oepc_pso.oepc_rmo.oepc.yml/witness.graphml


--------------------------------------------------------------------------------


Traceback (most recent call last):
  File "/home/runner/work/ConcurrentWitness2Test/ConcurrentWitness2Test/ConcurrentWitness2Test/main.py", line 85, in translate_to_c
    sys.exit(-1)
SystemExit: -1
/tmp/BenchExec_run_xnq1royf/tmp/tmprit94npi.c
Compilation started
/tmp/BenchExec_run_xnq1royf/tmp/tmprit94npi.c: In function ‘main’:
/tmp/BenchExec_run_xnq1royf/tmp/tmprit94npi.c:639:19: error: ‘FALSE’ undeclared (first use in this function)
  639 |   weak$$choice0 = FALSE;;
      |                   ^~~~~
/tmp/BenchExec_run_xnq1royf/tmp/tmprit94npi.c:639:19: note: each undeclared identifier is reported only once for each function it appears in

Compilation ended (exit code 1)
Verdict: Compilation error
Verdict: Unknown error
