ConcurrentWitness2Test/start.sh svcomp23-witness-benchmarks/tools/cseq/pthread-wmm/mix019.opt.yml/mix019.opt.i --graphml-witness svcomp23-witness-benchmarks/tools/cseq/pthread-wmm/mix019.opt.yml/witness.graphml


--------------------------------------------------------------------------------


Traceback (most recent call last):
  File "/home/runner/work/ConcurrentWitness2Test/ConcurrentWitness2Test/ConcurrentWitness2Test/main.py", line 85, in translate_to_c
    sys.exit(-1)
SystemExit: -1
/tmp/BenchExec_run_goan2jsy/tmp/tmp4rre0372.c
Compilation started
/tmp/BenchExec_run_goan2jsy/tmp/tmp4rre0372.c: In function ‘P1’:
/tmp/BenchExec_run_goan2jsy/tmp/tmp4rre0372.c:586:19: error: ‘FALSE’ undeclared (first use in this function)
  586 |   weak$$choice0 = FALSE;;
      |                   ^~~~~
/tmp/BenchExec_run_goan2jsy/tmp/tmp4rre0372.c:586:19: note: each undeclared identifier is reported only once for each function it appears in
/tmp/BenchExec_run_goan2jsy/tmp/tmp4rre0372.c: In function ‘P2’:
/tmp/BenchExec_run_goan2jsy/tmp/tmp4rre0372.c:626:19: error: ‘FALSE’ undeclared (first use in this function)
  626 |   weak$$choice0 = FALSE;;
      |                   ^~~~~
/tmp/BenchExec_run_goan2jsy/tmp/tmp4rre0372.c:627:19: error: ‘TRUE’ undeclared (first use in this function)
  627 |   weak$$choice2 = TRUE;;
      |                   ^~~~

Compilation ended (exit code 1)
Verdict: Compilation error
Verdict: Unknown error
