ConcurrentWitness2Test/start.sh svcomp23-witness-benchmarks/tools/deagle/pthread-ext/25_stack_longest-1.yml/25_stack_longest-1.i --graphml-witness svcomp23-witness-benchmarks/tools/deagle/pthread-ext/25_stack_longest-1.yml/witness.graphml


--------------------------------------------------------------------------------


Traceback (most recent call last):
  File "/home/runner/work/ConcurrentWitness2Test/ConcurrentWitness2Test/ConcurrentWitness2Test/main.py", line 85, in translate_to_c
    sys.exit(-1)
SystemExit: -1
/tmp/BenchExec_run_476cz6z2/tmp/tmpb2po2x3s.c
Compilation started
collect2: fatal error: vfork: Resource temporarily unavailable
compilation terminated.

Compilation ended (exit code 1)
Verdict: Compilation error
Verdict: Unknown error
