ConcurrentWitness2Test/start.sh svcomp23-witness-benchmarks/tools/deagle/pthread-ext/25_stack_longer-2.yml/25_stack_longer-2.i --graphml-witness svcomp23-witness-benchmarks/tools/deagle/pthread-ext/25_stack_longer-2.yml/witness.graphml


--------------------------------------------------------------------------------


Traceback (most recent call last):
  File "/home/runner/work/ConcurrentWitness2Test/ConcurrentWitness2Test/ConcurrentWitness2Test/main.py", line 85, in translate_to_c
    sys.exit(-1)
SystemExit: -1
/tmp/BenchExec_run_y2sywjlq/tmp/tmp_rj_evh7.c
Compilation started
gcc: fatal error: cannot execute ‘/usr/libexec/gcc/x86_64-linux-gnu/13/collect2’: vfork: Resource temporarily unavailable
compilation terminated.

Compilation ended (exit code 1)
Verdict: Compilation error
Verdict: Unknown error
