ConcurrentWitness2Test/start.sh svcomp23-witness-benchmarks/tools/deagle/pthread-driver-races/char_generic_nvram_read_nvram_write_nvram.yml/char_generic_nvram_read_nvram_write_nvram.i --graphml-witness svcomp23-witness-benchmarks/tools/deagle/pthread-driver-races/char_generic_nvram_read_nvram_write_nvram.yml/witness.graphml


--------------------------------------------------------------------------------


Traceback (most recent call last):
  File "/home/runner/work/ConcurrentWitness2Test/ConcurrentWitness2Test/ConcurrentWitness2Test/main.py", line 85, in translate_to_c
    sys.exit(-1)
SystemExit: -1
/tmp/BenchExec_run_e2r9s2oh/tmp/tmp3dp9zj5w.c
Compilation started
/usr/bin/ld: /tmp/BenchExec_run_e2r9s2oh/tmp/ccq4L3H9.o: warning: relocation against `x86_platform' in read-only section `.text'
/usr/bin/ld: /tmp/BenchExec_run_e2r9s2oh/tmp/ccq4L3H9.o: in function `get_max_mapped':
tmp3dp9zj5w.c:(.text+0xe8): undefined reference to `max_pfn_mapped'
/usr/bin/ld: /tmp/BenchExec_run_e2r9s2oh/tmp/ccq4L3H9.o: in function `has_persistent_clock':
tmp3dp9zj5w.c:(.text+0x1591): undefined reference to `persistent_clock_exist'
/usr/bin/ld: /tmp/BenchExec_run_e2r9s2oh/tmp/ccq4L3H9.o: in function `from_kuid_munged':
tmp3dp9zj5w.c:(.text+0x1971): undefined reference to `overflowuid'
/usr/bin/ld: /tmp/BenchExec_run_e2r9s2oh/tmp/ccq4L3H9.o: in function `from_kgid_munged':
tmp3dp9zj5w.c:(.text+0x19ac): undefined reference to `overflowgid'
/usr/bin/ld: /tmp/BenchExec_run_e2r9s2oh/tmp/ccq4L3H9.o: in function `massage_pgprot':
tmp3dp9zj5w.c:(.text+0x3bf3): undefined reference to `__supported_pte_mask'
/usr/bin/ld: /tmp/BenchExec_run_e2r9s2oh/tmp/ccq4L3H9.o: in function `is_new_memtype_allowed':
tmp3dp9zj5w.c:(.text+0x3d73): undefined reference to `x86_platform'
/usr/bin/ld: warning: creating DT_TEXTREL in a PIE
collect2: error: ld returned 1 exit status

Compilation ended (exit code 1)
Verdict: Compilation error
Verdict: Unknown error
